c:\users\user\source\repos\project15\project15\x64\debug\vc143.pdb
c:\users\user\source\repos\project15\project15\x64\debug\vc143.idb
c:\users\user\source\repos\project15\project15\x64\debug\tank.obj
c:\users\user\source\repos\project15\project15\x64\debug\source.obj
c:\users\user\source\repos\project15\project15\x64\debug\manager.obj
c:\users\user\source\repos\project15\project15\x64\debug\division.obj
c:\users\user\source\repos\project15\x64\debug\project15.exe
c:\users\user\source\repos\project15\project15\x64\debug\project15.ilk
c:\users\user\source\repos\project15\x64\debug\project15.pdb
c:\users\user\source\repos\project15\project15\x64\debug\division.nativecodeanalysis.xml
c:\users\user\source\repos\project15\project15\x64\debug\manager.nativecodeanalysis.xml
c:\users\user\source\repos\project15\project15\x64\debug\source.nativecodeanalysis.xml
c:\users\user\source\repos\project15\project15\x64\debug\tank.nativecodeanalysis.xml
c:\users\user\source\repos\project15\project15\x64\debug\vc.nativecodeanalysis.all.xml
c:\users\user\source\repos\project15\project15\x64\debug\project15.tlog\cl.command.1.tlog
c:\users\user\source\repos\project15\project15\x64\debug\project15.tlog\cl.read.1.tlog
c:\users\user\source\repos\project15\project15\x64\debug\project15.tlog\cl.write.1.tlog
c:\users\user\source\repos\project15\project15\x64\debug\project15.tlog\link.command.1.tlog
c:\users\user\source\repos\project15\project15\x64\debug\project15.tlog\link.read.1.tlog
c:\users\user\source\repos\project15\project15\x64\debug\project15.tlog\link.write.1.tlog
